<?xml version="1.0" encoding="UTF-8"?>
<!-- Generated by org.testng.reporters.JUnitXMLReporter -->
<testsuite hostname="EPRURYAW0064" name="Default test" tests="10" failures="1" timestamp="19 Jul 2016 12:20:37 GMT" time="20.857" errors="0">
  <testcase name="gmailLogin" time="6.268" classname="com.epam.yuri_karpov.selenium.GmailTest"/>
  <testcase name="gmailDraftsGenerator" time="5.878" classname="com.epam.yuri_karpov.selenium.GmailTest"/>
  <testcase name="gmailDraftsGenerator" time="3.918" classname="com.epam.yuri_karpov.selenium.GmailTest"/>
  <testcase name="gmailDraftsGenerator" time="2.026" classname="com.epam.yuri_karpov.selenium.GmailTest">
    <failure type="org.openqa.selenium.WebDriverException" message="Returned value cannot be converted to WebElement: This page is asking you to confirm that you want to leave - data you have entered may not be saved.
Build info: version: &amp;apos;2.53.0&amp;apos;, revision: &amp;apos;35ae25b1534ae328c771e0856c93e187490ca824&amp;apos;, time: &amp;apos;2016-03-15 10:43:46&amp;apos;
System info: host: &amp;apos;EPRURYAW0064&amp;apos;, ip: &amp;apos;169.254.66.174&amp;apos;, os.name: &amp;apos;Windows 7&amp;apos;, os.arch: &amp;apos;amd64&amp;apos;, os.version: &amp;apos;6.1&amp;apos;, java.version: &amp;apos;1.7.0_40&amp;apos;
Driver info: driver.version: RemoteWebDriver">
      <![CDATA[org.openqa.selenium.WebDriverException: Returned value cannot be converted to WebElement: This page is asking you to confirm that you want to leave - data you have entered may not be saved.
Build info: version: '2.53.0', revision: '35ae25b1534ae328c771e0856c93e187490ca824', time: '2016-03-15 10:43:46'
System info: host: 'EPRURYAW0064', ip: '169.254.66.174', os.name: 'Windows 7', os.arch: 'amd64', os.version: '6.1', java.version: '1.7.0_40'
Driver info: driver.version: RemoteWebDriver
	at org.openqa.selenium.remote.RemoteWebDriver.findElement(RemoteWebDriver.java:370)
	at org.openqa.selenium.remote.RemoteWebDriver.findElementByXPath(RemoteWebDriver.java:500)
	at org.openqa.selenium.By$ByXPath.findElement(By.java:361)
	at org.openqa.selenium.remote.RemoteWebDriver.findElement(RemoteWebDriver.java:355)
	at org.openqa.selenium.support.ui.ExpectedConditions.findElement(ExpectedConditions.java:899)
	at org.openqa.selenium.support.ui.ExpectedConditions.access$000(ExpectedConditions.java:41)
	at org.openqa.selenium.support.ui.ExpectedConditions$6.apply(ExpectedConditions.java:181)
	at org.openqa.selenium.support.ui.ExpectedConditions$6.apply(ExpectedConditions.java:178)
	at org.openqa.selenium.support.ui.FluentWait.until(FluentWait.java:238)
	at com.epam.yuri_karpov.selenium.ui.pageobject.MainPage.composeMsg(MainPage.java:108)
	at com.epam.yuri_karpov.selenium.service.MailService.generateDrafts(MailService.java:39)
	at com.epam.yuri_karpov.selenium.GmailTest.gmailDraftsGenerator(GmailTest.java:58)
	at sun.reflect.NativeMethodAccessorImpl.invoke0(Native Method)
	at sun.reflect.NativeMethodAccessorImpl.invoke(NativeMethodAccessorImpl.java:57)
	at sun.reflect.DelegatingMethodAccessorImpl.invoke(DelegatingMethodAccessorImpl.java:43)
	at java.lang.reflect.Method.invoke(Method.java:606)
	at org.testng.internal.MethodInvocationHelper.invokeMethod(MethodInvocationHelper.java:86)
	at org.testng.internal.Invoker.invokeMethod(Invoker.java:643)
	at org.testng.internal.Invoker.invokeTestMethod(Invoker.java:820)
	at org.testng.internal.Invoker.invokeTestMethods(Invoker.java:1128)
	at org.testng.internal.TestMethodWorker.invokeTestMethods(TestMethodWorker.java:129)
	at org.testng.internal.TestMethodWorker.run(TestMethodWorker.java:112)
	at org.testng.TestRunner.privateRun(TestRunner.java:782)
	at org.testng.TestRunner.run(TestRunner.java:632)
	at org.testng.SuiteRunner.runTest(SuiteRunner.java:366)
	at org.testng.SuiteRunner.runSequentially(SuiteRunner.java:361)
	at org.testng.SuiteRunner.privateRun(SuiteRunner.java:319)
	at org.testng.SuiteRunner.run(SuiteRunner.java:268)
	at org.testng.SuiteRunnerWorker.runSuite(SuiteRunnerWorker.java:52)
	at org.testng.SuiteRunnerWorker.run(SuiteRunnerWorker.java:86)
	at org.testng.TestNG.runSuitesSequentially(TestNG.java:1244)
	at org.testng.TestNG.runSuitesLocally(TestNG.java:1169)
	at org.testng.TestNG.run(TestNG.java:1064)
	at com.epam.yuri_karpov.selenium.runner.Runner.run(Runner.java:41)
	at com.epam.yuri_karpov.selenium.runner.Runner.main(Runner.java:18)
Caused by: java.lang.ClassCastException: java.lang.String cannot be cast to org.openqa.selenium.WebElement
	at org.openqa.selenium.remote.RemoteWebDriver.findElement(RemoteWebDriver.java:368)
	... 34 more
]]>
    </failure>
  </testcase> <!-- gmailDraftsGenerator -->
  <testcase name="gmailDraftsCheck" time="0.0" classname="com.epam.yuri_karpov.selenium.GmailTest">
    <skipped/>
  </testcase> <!-- gmailDraftsCheck -->
  <testcase name="discardDrafts" time="0.0" classname="com.epam.yuri_karpov.selenium.GmailTest">
    <skipped/>
  </testcase> <!-- discardDrafts -->
  <testcase name="gmailsSendMsgs" time="0.0" classname="com.epam.yuri_karpov.selenium.GmailTest">
    <skipped/>
  </testcase> <!-- gmailsSendMsgs -->
  <testcase name="checkSentMails" time="0.0" classname="com.epam.yuri_karpov.selenium.GmailTest">
    <skipped/>
  </testcase> <!-- checkSentMails -->
  <testcase name="discardMails" time="0.0" classname="com.epam.yuri_karpov.selenium.GmailTest">
    <skipped/>
  </testcase> <!-- discardMails -->
  <testcase name="logOut" time="0.0" classname="com.epam.yuri_karpov.selenium.GmailTest">
    <skipped/>
  </testcase> <!-- logOut -->
</testsuite> <!-- Default test -->
